<?xml version='1.0'?>
<ns2:test-suite xmlns:ns2='urn:model.allure.qatools.yandex.ru' start='1719053166001' stop='1719053171221'>
    <name>Cypress Framework Part-1</name>
    <title>Cypress Framework Part-1</title>
    <test-cases>
        <test-case start='1719053166404' status='failed' stop='1719053171215'>
            <name>Framework-1</name>
            <title>Framework-1</title>
            <labels/>
            <parameters/>
            <steps/>
            <attachments/>
            <failure>
                <message>expected 115000 to equal 11000</message>
                <stack-trace>AssertionError: expected 115000 to equal 11000
                    at Context.eval (webpack://cyautomation/./cypress/integration/examples/Test7PO.js:68:37)</stack-trace>
            </failure>
        </test-case>
    </test-cases>
</ns2:test-suite>